<?xml version="1.0" encoding="UTF-8"?>
<!-- Generated by org.testng.reporters.JUnitReportReporter -->
<testsuite name="selenium.baiduTest" tests="1" time="3.884" ignored="0" failures="0" timestamp="06 八月 2021 05:47:28 GMT" skipped="0" hostname="P3914693A244" errors="0">
  <testcase name="test1" time="3.884" classname="selenium.baiduTest"/>
</testsuite> <!-- selenium.baiduTest -->
