<?xml version="1.0" encoding="UTF-8"?>
<!-- Generated by org.testng.reporters.JUnitReportReporter -->
<testsuite name="selenium.onlineTest" tests="1" time="1.990" ignored="0" failures="0" timestamp="11 十一月 2020 09:33:31 GMT" skipped="0" hostname="L3914693A244" errors="0">
  <testcase name="doTest" time="1.990" classname="selenium.onlineTest"/>
</testsuite> <!-- selenium.onlineTest -->
