<?xml version="1.0" encoding="UTF-8"?>
<!-- Generated by org.testng.reporters.JUnitReportReporter -->
<testsuite skipped="0" hostname="L3914693A244" name="selenium.openBaidu" tests="1" failures="0" timestamp="07 八月 2020 03:44:11 GMT" time="3.848" errors="0">
  <testcase name="test1" time="3.848" classname="selenium.openBaidu"/>
</testsuite> <!-- selenium.openBaidu -->
