<?xml version="1.0" encoding="UTF-8"?>
<!-- Generated by org.testng.reporters.JUnitReportReporter -->
<testsuite skipped="0" hostname="L3914693A244" name="selenium.baiduTest" tests="1" failures="0" timestamp="07 八月 2020 05:57:35 GMT" time="4.329" errors="0">
  <testcase name="test1" time="4.329" classname="selenium.baiduTest"/>
</testsuite> <!-- selenium.baiduTest -->
