<?xml version="1.0" encoding="UTF-8"?>
<!-- Generated by org.testng.reporters.JUnitReportReporter -->
<testsuite skipped="0" hostname="L3914693A244" name="selenium.onlineTest" tests="1" failures="0" timestamp="19 十月 2020 05:47:02 GMT" time="2.641" errors="0">
  <testcase name="doTest" time="2.641" classname="selenium.onlineTest"/>
</testsuite> <!-- selenium.onlineTest -->
