<?xml version="1.0" encoding="UTF-8"?>
<!-- Generated by org.testng.reporters.JUnitReportReporter -->
<testsuite skipped="0" hostname="L3914693A244" name="selenium.baiduTest" tests="1" failures="0" timestamp="20 十一月 2020 03:43:20 GMT" time="14.677" errors="0">
  <testcase name="test1" time="14.677" classname="selenium.baiduTest"/>
</testsuite> <!-- selenium.baiduTest -->
